mode: set
github.com/nmarsollier/commongo/cache/cache.go:25.33,29.2 1 1
github.com/nmarsollier/commongo/cache/cache.go:35.55,38.2 2 1
github.com/nmarsollier/commongo/cache/cache.go:40.51,41.39 1 1
github.com/nmarsollier/commongo/cache/cache.go:41.39,42.34 1 1
github.com/nmarsollier/commongo/cache/cache.go:42.34,44.4 1 1
github.com/nmarsollier/commongo/cache/cache.go:47.2,47.27 1 1
github.com/nmarsollier/commongo/cache/cache.go:50.42,52.2 1 1
github.com/nmarsollier/commongo/db/collection.go:26.31,29.32 2 0
github.com/nmarsollier/commongo/db/collection.go:29.32,37.17 2 0
github.com/nmarsollier/commongo/db/collection.go:37.17,40.4 2 0
github.com/nmarsollier/commongo/db/collection.go:42.2,42.16 1 0
github.com/nmarsollier/commongo/db/collection.go:42.16,45.3 2 0
github.com/nmarsollier/commongo/db/collection.go:47.2,49.8 1 0
github.com/nmarsollier/commongo/db/collection.go:56.97,57.85 1 0
github.com/nmarsollier/commongo/db/collection.go:57.85,59.3 1 0
github.com/nmarsollier/commongo/db/collection.go:60.2,60.12 1 0
github.com/nmarsollier/commongo/db/collection.go:63.110,65.16 2 0
github.com/nmarsollier/commongo/db/collection.go:65.16,67.3 1 0
github.com/nmarsollier/commongo/db/collection.go:68.2,68.35 1 0
github.com/nmarsollier/commongo/db/collection.go:71.128,73.16 2 0
github.com/nmarsollier/commongo/db/collection.go:73.16,75.3 1 0
github.com/nmarsollier/commongo/db/collection.go:76.2,76.38 1 0
github.com/nmarsollier/commongo/db/collection.go:79.97,81.16 2 0
github.com/nmarsollier/commongo/db/collection.go:81.16,83.3 1 0
github.com/nmarsollier/commongo/db/collection.go:84.2,84.31 1 0
github.com/nmarsollier/commongo/db/collection.go:93.45,97.2 1 0
github.com/nmarsollier/commongo/db/collection.go:103.56,105.2 1 0
github.com/nmarsollier/commongo/db/collection.go:107.54,109.2 1 0
github.com/nmarsollier/commongo/db/collection.go:110.53,112.2 1 0
github.com/nmarsollier/commongo/db/database.go:14.28,18.16 3 0
github.com/nmarsollier/commongo/db/database.go:18.16,20.3 1 0
github.com/nmarsollier/commongo/db/database.go:22.2,24.22 2 0
github.com/nmarsollier/commongo/db/tools.go:8.41,9.48 1 0
github.com/nmarsollier/commongo/db/tools.go:9.48,10.46 1 0
github.com/nmarsollier/commongo/db/tools.go:10.46,11.41 1 0
github.com/nmarsollier/commongo/db/tools.go:11.41,13.5 1 0
github.com/nmarsollier/commongo/db/tools.go:16.2,16.14 1 0
github.com/nmarsollier/commongo/errs/rest.go:16.57,21.2 1 1
github.com/nmarsollier/commongo/errs/rest.go:36.36,38.2 1 0
github.com/nmarsollier/commongo/errs/rest.go:41.34,43.2 1 0
github.com/nmarsollier/commongo/errs/validation.go:21.33,25.2 1 0
github.com/nmarsollier/commongo/errs/validation.go:33.40,35.16 2 0
github.com/nmarsollier/commongo/errs/validation.go:35.16,37.3 1 0
github.com/nmarsollier/commongo/errs/validation.go:38.2,38.21 1 0
github.com/nmarsollier/commongo/errs/validation.go:52.69,59.2 3 0
github.com/nmarsollier/commongo/httpx/client.go:9.23,11.2 1 0
github.com/nmarsollier/commongo/log/factory.go:26.15,36.2 5 0
github.com/nmarsollier/commongo/log/factory.go:38.63,40.16 2 0
github.com/nmarsollier/commongo/log/factory.go:40.16,51.3 3 0
github.com/nmarsollier/commongo/log/factory.go:59.67,61.16 2 0
github.com/nmarsollier/commongo/log/factory.go:61.16,63.3 1 0
github.com/nmarsollier/commongo/log/factory.go:64.2,64.12 1 0
github.com/nmarsollier/commongo/log/factory.go:67.59,69.2 1 0
github.com/nmarsollier/commongo/log/factory.go:71.49,74.2 2 0
github.com/nmarsollier/commongo/log/logger.go:19.50,21.2 1 0
github.com/nmarsollier/commongo/log/logger.go:23.76,26.2 2 1
github.com/nmarsollier/commongo/log/logger.go:28.49,30.2 1 0
github.com/nmarsollier/commongo/log/logger.go:32.49,34.2 1 0
github.com/nmarsollier/commongo/log/logger.go:36.50,38.2 1 0
github.com/nmarsollier/commongo/log/logger.go:40.44,42.2 1 1
github.com/nmarsollier/commongo/log/logger.go:44.46,46.2 1 0
github.com/nmarsollier/commongo/rbt/publisher.go:28.31,30.16 2 0
github.com/nmarsollier/commongo/rbt/publisher.go:30.16,33.3 2 0
github.com/nmarsollier/commongo/rbt/publisher.go:35.2,36.16 2 0
github.com/nmarsollier/commongo/rbt/publisher.go:36.16,39.3 2 0
github.com/nmarsollier/commongo/rbt/publisher.go:41.2,47.8 1 0
github.com/nmarsollier/commongo/rbt/publisher.go:50.54,60.2 1 0
github.com/nmarsollier/commongo/rbt/publisher.go:62.52,64.16 2 0
github.com/nmarsollier/commongo/rbt/publisher.go:64.16,67.3 2 0
github.com/nmarsollier/commongo/rbt/publisher.go:69.2,75.16 3 0
github.com/nmarsollier/commongo/rbt/publisher.go:75.16,78.3 2 0
github.com/nmarsollier/commongo/rbt/publisher.go:80.2,89.16 2 0
github.com/nmarsollier/commongo/rbt/publisher.go:89.16,92.3 2 0
github.com/nmarsollier/commongo/rbt/publisher.go:94.2,96.12 2 0
github.com/nmarsollier/commongo/strs/json.go:5.37,8.2 2 0
github.com/nmarsollier/commongo/test/mktools/cache.go:22.65,26.2 3 0
github.com/nmarsollier/commongo/test/mktools/cache.go:29.59,31.2 1 0
github.com/nmarsollier/commongo/test/mktools/cache.go:34.56,39.2 4 0
github.com/nmarsollier/commongo/test/mktools/cache.go:42.78,45.2 2 0
github.com/nmarsollier/commongo/test/mktools/cache.go:48.52,54.2 5 0
github.com/nmarsollier/commongo/test/mktools/cache.go:57.71,60.2 2 0
github.com/nmarsollier/commongo/test/mktools/cache.go:63.43,66.2 2 0
github.com/nmarsollier/commongo/test/mktools/cache.go:69.74,72.2 2 0
github.com/nmarsollier/commongo/test/mktools/logger.go:10.158,23.2 8 0
github.com/nmarsollier/commongo/test/mktools/mongo.go:8.77,10.72 1 0
github.com/nmarsollier/commongo/test/mktools/mongo.go:10.72,12.4 1 0
github.com/nmarsollier/commongo/test/mktools/mongo.go:16.79,18.2 1 0
github.com/nmarsollier/commongo/test/mktools/mongo.go:20.79,22.2 1 0
github.com/nmarsollier/commongo/test/mktools/mongo.go:24.63,26.2 1 0
github.com/nmarsollier/commongo/test/mktools/mongo.go:28.81,30.63 1 0
github.com/nmarsollier/commongo/test/mktools/mongo.go:30.63,33.4 2 0
github.com/nmarsollier/commongo/test/mktools/rabbit_publisher.go:25.85,29.2 3 0
github.com/nmarsollier/commongo/test/mktools/rabbit_publisher.go:32.79,34.2 1 0
github.com/nmarsollier/commongo/test/mktools/rabbit_publisher.go:37.56,42.2 4 0
github.com/nmarsollier/commongo/test/mktools/rabbit_publisher.go:45.86,48.2 2 0
github.com/nmarsollier/commongo/test/mktools/rest.go:14.97,16.26 2 0
github.com/nmarsollier/commongo/test/mktools/rest.go:16.26,18.3 1 0
github.com/nmarsollier/commongo/test/mktools/rest.go:19.2,20.15 2 0
github.com/nmarsollier/commongo/test/mktools/rest.go:23.116,27.26 3 0
github.com/nmarsollier/commongo/test/mktools/rest.go:27.26,29.3 1 0
github.com/nmarsollier/commongo/test/mktools/rest.go:30.2,31.15 2 0
github.com/nmarsollier/commongo/test/mktools/rest.go:35.69,42.2 4 0
github.com/nmarsollier/commongo/test/mktools/rest.go:44.73,50.2 4 0
github.com/nmarsollier/commongo/test/mktools/rest.go:52.76,54.2 1 0
github.com/nmarsollier/commongo/test/mktools/rest.go:56.72,58.2 1 0
github.com/nmarsollier/commongo/test/mockgen/errs_rest.go:25.63,29.2 3 0
github.com/nmarsollier/commongo/test/mockgen/errs_rest.go:32.61,34.2 1 0
github.com/nmarsollier/commongo/test/mockgen/errs_rest.go:37.40,42.2 4 0
github.com/nmarsollier/commongo/test/mockgen/errs_rest.go:45.59,48.2 2 0
github.com/nmarsollier/commongo/test/mockgen/errs_rest.go:51.38,56.2 4 0
github.com/nmarsollier/commongo/test/mockgen/errs_rest.go:59.60,62.2 2 0
github.com/nmarsollier/commongo/test/mockgen/errs_validation.go:26.65,30.2 3 0
github.com/nmarsollier/commongo/test/mockgen/errs_validation.go:33.63,35.2 1 0
github.com/nmarsollier/commongo/test/mockgen/errs_validation.go:38.68,43.2 4 0
github.com/nmarsollier/commongo/test/mockgen/errs_validation.go:46.83,49.2 2 0
github.com/nmarsollier/commongo/test/mockgen/errs_validation.go:52.41,57.2 4 0
github.com/nmarsollier/commongo/test/mockgen/errs_validation.go:60.60,63.2 2 0
github.com/nmarsollier/commongo/test/mockgen/log_logger.go:27.67,31.2 3 0
github.com/nmarsollier/commongo/test/mockgen/log_logger.go:34.65,36.2 1 0
github.com/nmarsollier/commongo/test/mockgen/log_logger.go:39.50,44.2 4 0
github.com/nmarsollier/commongo/test/mockgen/log_logger.go:47.69,50.2 2 0
github.com/nmarsollier/commongo/test/mockgen/log_logger.go:53.48,58.2 4 0
github.com/nmarsollier/commongo/test/mockgen/log_logger.go:61.60,64.2 2 0
github.com/nmarsollier/commongo/test/mockgen/log_logger.go:67.54,70.25 3 0
github.com/nmarsollier/commongo/test/mockgen/log_logger.go:70.25,72.3 1 0
github.com/nmarsollier/commongo/test/mockgen/log_logger.go:73.2,73.37 1 0
github.com/nmarsollier/commongo/test/mockgen/log_logger.go:77.80,80.2 2 0
github.com/nmarsollier/commongo/test/mockgen/log_logger.go:83.54,86.25 3 0
github.com/nmarsollier/commongo/test/mockgen/log_logger.go:86.25,88.3 1 0
github.com/nmarsollier/commongo/test/mockgen/log_logger.go:89.2,89.37 1 0
github.com/nmarsollier/commongo/test/mockgen/log_logger.go:93.80,96.2 2 0
github.com/nmarsollier/commongo/test/mockgen/log_logger.go:99.53,102.25 3 0
github.com/nmarsollier/commongo/test/mockgen/log_logger.go:102.25,104.3 1 0
github.com/nmarsollier/commongo/test/mockgen/log_logger.go:105.2,105.36 1 0
github.com/nmarsollier/commongo/test/mockgen/log_logger.go:109.79,112.2 2 0
github.com/nmarsollier/commongo/test/mockgen/log_logger.go:115.53,118.25 3 0
github.com/nmarsollier/commongo/test/mockgen/log_logger.go:118.25,120.3 1 0
github.com/nmarsollier/commongo/test/mockgen/log_logger.go:121.2,121.36 1 0
github.com/nmarsollier/commongo/test/mockgen/log_logger.go:125.79,128.2 2 0
github.com/nmarsollier/commongo/test/mockgen/log_logger.go:131.84,136.2 4 0
github.com/nmarsollier/commongo/test/mockgen/log_logger.go:139.87,142.2 2 0
github.com/nmarsollier/commongo/test/mockgen/mongo_collection.go:27.65,31.2 3 0
github.com/nmarsollier/commongo/test/mockgen/mongo_collection.go:34.63,36.2 1 0
github.com/nmarsollier/commongo/test/mockgen/mongo_collection.go:39.91,45.2 5 0
github.com/nmarsollier/commongo/test/mockgen/mongo_collection.go:48.82,51.2 2 0
github.com/nmarsollier/commongo/test/mockgen/mongo_collection.go:54.84,59.2 4 0
github.com/nmarsollier/commongo/test/mockgen/mongo_collection.go:62.88,65.2 2 0
github.com/nmarsollier/commongo/test/mockgen/mongo_collection.go:68.100,74.2 5 0
github.com/nmarsollier/commongo/test/mockgen/mongo_collection.go:77.89,80.2 2 0
github.com/nmarsollier/commongo/test/mockgen/mongo_collection.go:83.100,89.2 5 0
github.com/nmarsollier/commongo/test/mockgen/mongo_collection.go:92.95,95.2 2 0
github.com/nmarsollier/commongo/test/mockgen/mongo_collection.go:109.57,113.2 3 0
github.com/nmarsollier/commongo/test/mockgen/mongo_collection.go:116.55,118.2 1 0
github.com/nmarsollier/commongo/test/mockgen/mongo_collection.go:121.55,126.2 4 0
github.com/nmarsollier/commongo/test/mockgen/mongo_collection.go:129.71,132.2 2 0
github.com/nmarsollier/commongo/test/mockgen/mongo_collection.go:135.52,140.2 4 0
github.com/nmarsollier/commongo/test/mockgen/mongo_collection.go:143.72,146.2 2 0
github.com/nmarsollier/commongo/test/mockgen/mongo_collection.go:149.53,154.2 4 0
github.com/nmarsollier/commongo/test/mockgen/mongo_collection.go:157.70,160.2 2 0
